build/outputs/logs/manifest-merger-debug-report.txt
-- Merging decision tree log ---
manifest
ADDED from GitHub\ImageMap\AndroidManifest.xml:2:1-135:12
	package
		ADDED from GitHub\ImageMap\AndroidManifest.xml:4:5-31
	android:versionName
		ADDED from GitHub\ImageMap\AndroidManifest.xml:6:5-30
		INJECTED from GitHub\ImageMap\AndroidManifest.xml
		INJECTED from GitHub\ImageMap\AndroidManifest.xml
	xmlns:tools
		ADDED from GitHub\ImageMap\AndroidManifest.xml:3:11-57
	android:versionCode
		ADDED from GitHub\ImageMap\AndroidManifest.xml:5:5-28
		INJECTED from GitHub\ImageMap\AndroidManifest.xml
		INJECTED from GitHub\ImageMap\AndroidManifest.xml
	xmlns:android
		ADDED from GitHub\ImageMap\AndroidManifest.xml:2:11-69
uses-sdk
ADDED from GitHub\ImageMap\AndroidManifest.xml:8:5-10:41
	android:targetSdkVersion
		ADDED from GitHub\ImageMap\AndroidManifest.xml:10:9-38
	android:minSdkVersion
		ADDED from GitHub\ImageMap\AndroidManifest.xml:9:9-34
application
ADDED from GitHub\ImageMap\AndroidManifest.xml:12:5-116:19
MERGED from [ImageMap:ACTIVITY_ENTRY_NAME:unspecified] AndroidManifest.xml:7:5-19:19
	android:label
		ADDED from GitHub\ImageMap\AndroidManifest.xml:16:9-41
	android:allowBackup
		ADDED from GitHub\ImageMap\AndroidManifest.xml:13:9-35
	android:icon
		ADDED from GitHub\ImageMap\AndroidManifest.xml:15:9-45
		REJECTED from [ImageMap:ACTIVITY_ENTRY_NAME:unspecified] AndroidManifest.xml:8:9-45
	android:theme
		ADDED from GitHub\ImageMap\AndroidManifest.xml:17:9-40
	tools:replace
		ADDED from GitHub\ImageMap\AndroidManifest.xml:14:9-51
activity#com.hck.imagemap.WelcomeActivity
ADDED from GitHub\ImageMap\AndroidManifest.xml:18:9-28:20
	android:screenOrientation
		ADDED from GitHub\ImageMap\AndroidManifest.xml:21:13-49
	android:label
		ADDED from GitHub\ImageMap\AndroidManifest.xml:20:13-45
	android:theme
		ADDED from GitHub\ImageMap\AndroidManifest.xml:22:13-60
	android:name
		ADDED from GitHub\ImageMap\AndroidManifest.xml:19:13-60
intent-filter#android.intent.action.MAIN+android.intent.category.LAUNCHER
ADDED from GitHub\ImageMap\AndroidManifest.xml:23:13-27:29
action#android.intent.action.MAIN
ADDED from GitHub\ImageMap\AndroidManifest.xml:24:17-69
	android:name
		ADDED from GitHub\ImageMap\AndroidManifest.xml:24:25-66
category#android.intent.category.LAUNCHER
ADDED from GitHub\ImageMap\AndroidManifest.xml:26:17-77
	android:name
		ADDED from GitHub\ImageMap\AndroidManifest.xml:26:27-74
activity#com.hck.imagemap.MainActivity
ADDED from GitHub\ImageMap\AndroidManifest.xml:29:9-34:20
	android:screenOrientation
		ADDED from GitHub\ImageMap\AndroidManifest.xml:31:13-49
	android:windowSoftInputMode
		ADDED from GitHub\ImageMap\AndroidManifest.xml:33:13-56
	android:theme
		ADDED from GitHub\ImageMap\AndroidManifest.xml:32:13-60
	android:name
		ADDED from GitHub\ImageMap\AndroidManifest.xml:30:13-57
activity#com.hck.imagemap.SettingActivity
ADDED from GitHub\ImageMap\AndroidManifest.xml:35:9-40:20
	android:screenOrientation
		ADDED from GitHub\ImageMap\AndroidManifest.xml:37:13-49
	android:windowSoftInputMode
		ADDED from GitHub\ImageMap\AndroidManifest.xml:39:13-56
	android:theme
		ADDED from GitHub\ImageMap\AndroidManifest.xml:38:13-60
	android:name
		ADDED from GitHub\ImageMap\AndroidManifest.xml:36:13-60
activity#org.achartengine.GraphicalActivity
ADDED from GitHub\ImageMap\AndroidManifest.xml:41:9-42:20
	android:name
		ADDED from GitHub\ImageMap\AndroidManifest.xml:41:19-68
activity#com.hck.imagemap.ResultAcitivity
ADDED from GitHub\ImageMap\AndroidManifest.xml:43:9-47:20
	android:label
		ADDED from GitHub\ImageMap\AndroidManifest.xml:45:13-60
	android:theme
		ADDED from GitHub\ImageMap\AndroidManifest.xml:46:13-66
	android:name
		ADDED from GitHub\ImageMap\AndroidManifest.xml:44:13-60
activity#com.hck.imagemap.PingActivity
ADDED from GitHub\ImageMap\AndroidManifest.xml:48:9-51:20
	android:label
		ADDED from GitHub\ImageMap\AndroidManifest.xml:50:13-48
	android:name
		ADDED from GitHub\ImageMap\AndroidManifest.xml:49:13-57
activity#com.hck.imagemap.HistoryActivity
ADDED from GitHub\ImageMap\AndroidManifest.xml:52:9-55:20
	android:label
		ADDED from GitHub\ImageMap\AndroidManifest.xml:54:13-61
	android:name
		ADDED from GitHub\ImageMap\AndroidManifest.xml:53:13-60
activity#com.hck.imagemap.VideoPlayerAcitivity
ADDED from GitHub\ImageMap\AndroidManifest.xml:56:9-60:20
	android:screenOrientation
		ADDED from GitHub\ImageMap\AndroidManifest.xml:59:13-47
	android:label
		ADDED from GitHub\ImageMap\AndroidManifest.xml:58:13-59
	android:name
		ADDED from GitHub\ImageMap\AndroidManifest.xml:57:13-65
activity#com.hck.imagemap.HelpActivity
ADDED from GitHub\ImageMap\AndroidManifest.xml:61:9-64:20
	android:label
		ADDED from GitHub\ImageMap\AndroidManifest.xml:63:13-56
	android:name
		ADDED from GitHub\ImageMap\AndroidManifest.xml:62:13-57
activity#com.hck.imagemap.HighSetAcitivity
ADDED from GitHub\ImageMap\AndroidManifest.xml:65:9-66:20
	android:name
		ADDED from GitHub\ImageMap\AndroidManifest.xml:65:19-67
activity#com.hck.imagemap.ThisAcitivity
ADDED from GitHub\ImageMap\AndroidManifest.xml:67:9-68:20
	android:name
		ADDED from GitHub\ImageMap\AndroidManifest.xml:67:19-64
activity#com.hck.imagemap.PathAcitivity
ADDED from GitHub\ImageMap\AndroidManifest.xml:69:9-70:20
	android:name
		ADDED from GitHub\ImageMap\AndroidManifest.xml:69:19-64
activity#com.hck.imagemap.DynicHistory
ADDED from GitHub\ImageMap\AndroidManifest.xml:71:9-75:20
	android:label
		ADDED from GitHub\ImageMap\AndroidManifest.xml:73:13-65
	android:theme
		ADDED from GitHub\ImageMap\AndroidManifest.xml:74:13-66
	android:name
		ADDED from GitHub\ImageMap\AndroidManifest.xml:72:13-57
activity#com.hck.imagemap.PrruInfoAcitivity
ADDED from GitHub\ImageMap\AndroidManifest.xml:76:9-79:20
	android:label
		ADDED from GitHub\ImageMap\AndroidManifest.xml:78:13-71
	android:name
		ADDED from GitHub\ImageMap\AndroidManifest.xml:77:13-62
activity#com.hck.imagemap.GeneralSettingActivity
ADDED from GitHub\ImageMap\AndroidManifest.xml:80:9-84:20
	android:label
		ADDED from GitHub\ImageMap\AndroidManifest.xml:82:13-67
	android:theme
		ADDED from GitHub\ImageMap\AndroidManifest.xml:83:13-60
	android:name
		ADDED from GitHub\ImageMap\AndroidManifest.xml:81:13-67
activity#com.hck.imagemap.WheelActivity
ADDED from GitHub\ImageMap\AndroidManifest.xml:85:9-88:20
	android:label
		ADDED from GitHub\ImageMap\AndroidManifest.xml:87:13-57
	android:name
		ADDED from GitHub\ImageMap\AndroidManifest.xml:86:13-58
activity#com.hck.imagemap.GuideActivity
ADDED from GitHub\ImageMap\AndroidManifest.xml:89:9-92:20
	android:label
		ADDED from GitHub\ImageMap\AndroidManifest.xml:91:13-57
	android:name
		ADDED from GitHub\ImageMap\AndroidManifest.xml:90:13-58
activity#com.hck.imagemap.ConfigActivity
ADDED from GitHub\ImageMap\AndroidManifest.xml:93:9-97:20
	android:label
		ADDED from GitHub\ImageMap\AndroidManifest.xml:95:13-58
	android:theme
		ADDED from GitHub\ImageMap\AndroidManifest.xml:96:13-60
	android:name
		ADDED from GitHub\ImageMap\AndroidManifest.xml:94:13-59
activity#com.hck.imagemap.LocationDelayActivity
ADDED from GitHub\ImageMap\AndroidManifest.xml:98:9-99:20
	android:name
		ADDED from GitHub\ImageMap\AndroidManifest.xml:98:19-72
activity#com.hck.imagemap.PushMessageActivity
ADDED from GitHub\ImageMap\AndroidManifest.xml:100:9-101:20
	android:name
		ADDED from GitHub\ImageMap\AndroidManifest.xml:100:19-70
service#com.hck.imagemap.MyService
ADDED from GitHub\ImageMap\AndroidManifest.xml:103:9-109:19
	android:name
		ADDED from GitHub\ImageMap\AndroidManifest.xml:103:18-59
intent-filter#com.hck.imagemap.myService
ADDED from GitHub\ImageMap\AndroidManifest.xml:104:13-108:29
action#com.hck.imagemap.myService
ADDED from GitHub\ImageMap\AndroidManifest.xml:105:17-107:49
	android:process
		ADDED from GitHub\ImageMap\AndroidManifest.xml:107:21-46
	android:name
		ADDED from GitHub\ImageMap\AndroidManifest.xml:106:21-62
activity#com.hck.imagemap.WifiStrActivity
ADDED from GitHub\ImageMap\AndroidManifest.xml:111:9-115:20
	android:label
		ADDED from GitHub\ImageMap\AndroidManifest.xml:113:13-60
	android:theme
		ADDED from GitHub\ImageMap\AndroidManifest.xml:114:13-60
	android:name
		ADDED from GitHub\ImageMap\AndroidManifest.xml:112:13-60
uses-permission#android.permission.SET_DEBUG_APP
ADDED from GitHub\ImageMap\AndroidManifest.xml:118:5-119:23
	android:name
		ADDED from GitHub\ImageMap\AndroidManifest.xml:118:22-69
uses-permission#android.permission.INTERNET
ADDED from GitHub\ImageMap\AndroidManifest.xml:120:5-67
	android:name
		ADDED from GitHub\ImageMap\AndroidManifest.xml:120:22-64
uses-permission#android.permission.ACCESS_NETWORK_STATE
ADDED from GitHub\ImageMap\AndroidManifest.xml:121:5-79
	android:name
		ADDED from GitHub\ImageMap\AndroidManifest.xml:121:22-76
uses-permission#android.permission.ACCESS_WIFI_STATE
ADDED from GitHub\ImageMap\AndroidManifest.xml:122:5-123:23
	android:name
		ADDED from GitHub\ImageMap\AndroidManifest.xml:122:22-73
uses-permission#android.permission.CHANGE_WIFI_STATE
ADDED from GitHub\ImageMap\AndroidManifest.xml:124:5-125:23
	android:name
		ADDED from GitHub\ImageMap\AndroidManifest.xml:124:22-73
uses-permission#android.permission.WAKE_LOCK
ADDED from GitHub\ImageMap\AndroidManifest.xml:126:5-127:23
	android:name
		ADDED from GitHub\ImageMap\AndroidManifest.xml:126:22-65
uses-permission#android.permission.WRITE_EXTERNAL_STORAGE
ADDED from GitHub\ImageMap\AndroidManifest.xml:128:5-81
	android:name
		ADDED from GitHub\ImageMap\AndroidManifest.xml:128:22-78
uses-permission#android.permission.MOUNT_UNMOUNT_FILESYSTEMS
ADDED from GitHub\ImageMap\AndroidManifest.xml:129:5-84
	android:name
		ADDED from GitHub\ImageMap\AndroidManifest.xml:129:22-81
uses-permission#android.permission.RESTART_PACKAGES
ADDED from GitHub\ImageMap\AndroidManifest.xml:130:5-75
	android:name
		ADDED from GitHub\ImageMap\AndroidManifest.xml:130:22-72
uses-permission#android.permission.ACCESS_FINE_LOCATION
ADDED from GitHub\ImageMap\AndroidManifest.xml:132:5-79
	android:name
		ADDED from GitHub\ImageMap\AndroidManifest.xml:132:22-76
uses-permission#android.permission.READ_PHONE_STATE
ADDED from GitHub\ImageMap\AndroidManifest.xml:133:5-75
	android:name
		ADDED from GitHub\ImageMap\AndroidManifest.xml:133:22-72
activity#net.yoojia.imagemap.ACTIVITY_ENTRY_NAME
ADDED from [ImageMap:ACTIVITY_ENTRY_NAME:unspecified] AndroidManifest.xml:10:9-18:20
	android:label
		ADDED from [ImageMap:ACTIVITY_ENTRY_NAME:unspecified] AndroidManifest.xml:12:13-45
	android:name
		ADDED from [ImageMap:ACTIVITY_ENTRY_NAME:unspecified] AndroidManifest.xml:11:13-67
android:uses-permission#android.permission.READ_EXTERNAL_STORAGE
IMPLIED from GitHub\ImageMap\AndroidManifest.xml:2:1-135:12 reason: net.yoojia.imagemap requested WRITE_EXTERNAL_STORAGE